test.obj : error LNK2019: unresolved external symbol "bool __cdecl isLeapYear(int)" (?isLeapYear@@YA_NH@Z) referenced in function "private: virtual void __cdecl leapYearTest_yearDivisbleBy4_Test::TestBody(void)" (?TestBody@leapYearTest_yearDivisbleBy4_Test@@EEAAXXZ)
test.obj : error LNK2019: unresolved external symbol "int __cdecl daysInYear(int)" (?daysInYear@@YAHH@Z) referenced in function "private: virtual void __cdecl daysInYears_leapYear_Test::TestBody(void)" (?TestBody@daysInYears_leapYear_Test@@EEAAXXZ)
test.obj : error LNK2019: unresolved external symbol "int __cdecl daysInMonth(int,int)" (?daysInMonth@@YAHHH@Z) referenced in function "private: virtual void __cdecl daysInMonths_randomMonthLeapYear_Test::TestBody(void)" (?TestBody@daysInMonths_randomMonthLeapYear_Test@@EEAAXXZ)
C:\Users\simen\Documents\NTNU\Jobbsøking\Cardiaccs\Cardiaccs-cpp-test\x64\Release\workdayCalendarTest.exe : fatal error LNK1120: 3 unresolved externals
